<?xml version="1.0" encoding="UTF-8"?>
<!-- Generated by org.testng.reporters.JUnitReportReporter -->
<testsuite hostname="VINAY-PATIL" failures="0" tests="1" name="OrangeHRM.TestCases.test" time="24.633" errors="0" timestamp="2022-11-22T00:14:40 IST" skipped="0">
  <testcase classname="OrangeHRM.TestCases.test" name="Orangehrmtest" time="24.633"/>
  <system-out/>
</testsuite> <!-- OrangeHRM.TestCases.test -->
